Determining if the pthread_create exist failed with the following output:
Change Dir: /home/ameyasalvi/AuE893_AmeyaSalvi_SP21/AuE893_Catkin_WS/build/CMakeFiles/CMakeTmp

Run Build Command:"/usr/bin/make" "cmTC_b33aa/fast"
/usr/bin/make -f CMakeFiles/cmTC_b33aa.dir/build.make CMakeFiles/cmTC_b33aa.dir/build
make[1]: Entering directory '/home/ameyasalvi/AuE893_AmeyaSalvi_SP21/AuE893_Catkin_WS/build/CMakeFiles/CMakeTmp'
Building C object CMakeFiles/cmTC_b33aa.dir/CheckSymbolExists.c.o
/usr/bin/cc    -o CMakeFiles/cmTC_b33aa.dir/CheckSymbolExists.c.o   -c /home/ameyasalvi/AuE893_AmeyaSalvi_SP21/AuE893_Catkin_WS/build/CMakeFiles/CMakeTmp/CheckSymbolExists.c
Linking C executable cmTC_b33aa
/usr/bin/cmake -E cmake_link_script CMakeFiles/cmTC_b33aa.dir/link.txt --verbose=1
/usr/bin/cc      -rdynamic CMakeFiles/cmTC_b33aa.dir/CheckSymbolExists.c.o  -o cmTC_b33aa 
CMakeFiles/cmTC_b33aa.dir/CheckSymbolExists.c.o: In function `main':
CheckSymbolExists.c:(.text+0x1b): undefined reference to `pthread_create'
collect2: error: ld returned 1 exit status
CMakeFiles/cmTC_b33aa.dir/build.make:97: recipe for target 'cmTC_b33aa' failed
make[1]: *** [cmTC_b33aa] Error 1
make[1]: Leaving directory '/home/ameyasalvi/AuE893_AmeyaSalvi_SP21/AuE893_Catkin_WS/build/CMakeFiles/CMakeTmp'
Makefile:126: recipe for target 'cmTC_b33aa/fast' failed
make: *** [cmTC_b33aa/fast] Error 2

File /home/ameyasalvi/AuE893_AmeyaSalvi_SP21/AuE893_Catkin_WS/build/CMakeFiles/CMakeTmp/CheckSymbolExists.c:
/* */
#include <pthread.h>

int main(int argc, char** argv)
{
  (void)argv;
#ifndef pthread_create
  return ((int*)(&pthread_create))[argc];
#else
  (void)argc;
  return 0;
#endif
}

Determining if the function pthread_create exists in the pthreads failed with the following output:
Change Dir: /home/ameyasalvi/AuE893_AmeyaSalvi_SP21/AuE893_Catkin_WS/build/CMakeFiles/CMakeTmp

Run Build Command:"/usr/bin/make" "cmTC_8fb41/fast"
/usr/bin/make -f CMakeFiles/cmTC_8fb41.dir/build.make CMakeFiles/cmTC_8fb41.dir/build
make[1]: Entering directory '/home/ameyasalvi/AuE893_AmeyaSalvi_SP21/AuE893_Catkin_WS/build/CMakeFiles/CMakeTmp'
Building C object CMakeFiles/cmTC_8fb41.dir/CheckFunctionExists.c.o
/usr/bin/cc   -DCHECK_FUNCTION_EXISTS=pthread_create   -o CMakeFiles/cmTC_8fb41.dir/CheckFunctionExists.c.o   -c /usr/share/cmake-3.10/Modules/CheckFunctionExists.c
Linking C executable cmTC_8fb41
/usr/bin/cmake -E cmake_link_script CMakeFiles/cmTC_8fb41.dir/link.txt --verbose=1
/usr/bin/cc  -DCHECK_FUNCTION_EXISTS=pthread_create    -rdynamic CMakeFiles/cmTC_8fb41.dir/CheckFunctionExists.c.o  -o cmTC_8fb41 -lpthreads 
/usr/bin/ld: cannot find -lpthreads
collect2: error: ld returned 1 exit status
CMakeFiles/cmTC_8fb41.dir/build.make:97: recipe for target 'cmTC_8fb41' failed
make[1]: *** [cmTC_8fb41] Error 1
make[1]: Leaving directory '/home/ameyasalvi/AuE893_AmeyaSalvi_SP21/AuE893_Catkin_WS/build/CMakeFiles/CMakeTmp'
Makefile:126: recipe for target 'cmTC_8fb41/fast' failed
make: *** [cmTC_8fb41/fast] Error 2


